<?xml version="1.0" encoding="utf-8"?>
<!DOCTYPE coverage SYSTEM "http://cobertura.sourceforge.net/xml/coverage-04.dtd">
<coverage line-rate="0.679640718562874" branch-rate="0.625" lines-covered="227" lines-valid="334" branches-covered="10" branches-valid="16" complexity="68" version="0" timestamp="1703781647">
  <sources>
    <source>D:\GeekBrains\My Git\NetworkApplicationCSharp\06_Lesson\</source>
    <source>C:\</source>
  </sources>
  <packages>
    <package name="ConsoleApp06S" line-rate="0.513761467889908" branch-rate="0.571428571428571" complexity="54">
      <classes>
        <class name="ConsoleApp06S.ChatContext" filename="D:\GeekBrains\My Git\NetworkApplicationCSharp\06_Lesson\ConsoleApp06S\ChatContext.cs" line-rate="0.923076923076923" branch-rate="1" complexity="6">
          <methods>
            <method name="get_Users" signature="()" line-rate="1" branch-rate="1" complexity="1">
              <lines>
                <line number="12" hits="94" branch="false" />
              </lines>
            </method>
            <method name="get_Messages" signature="()" line-rate="1" branch-rate="1" complexity="1">
              <lines>
                <line number="13" hits="74" branch="false" />
              </lines>
            </method>
            <method name="OnConfiguring" signature="(...)" line-rate="1" branch-rate="1" complexity="1">
              <lines>
                <line number="16" hits="42" branch="false" />
                <line number="17" hits="42" branch="false" />
                <line number="18" hits="42" branch="false" />
                <line number="19" hits="42" branch="false" />
                <line number="21" hits="42" branch="false" />
              </lines>
            </method>
            <method name="OnModelCreating" signature="(...)" line-rate="1" branch-rate="1" complexity="1">
              <lines>
                <line number="24" hits="1" branch="false" />
                <line number="25" hits="1" branch="false" />
                <line number="27" hits="1" branch="false" />
                <line number="28" hits="1" branch="false" />
                <line number="29" hits="1" branch="false" />
                <line number="30" hits="1" branch="false" />
                <line number="31" hits="1" branch="false" />
                <line number="32" hits="1" branch="false" />
                <line number="33" hits="1" branch="false" />
                <line number="34" hits="1" branch="false" />
                <line number="35" hits="2" branch="false" />
                <line number="37" hits="1" branch="false" />
                <line number="38" hits="1" branch="false" />
                <line number="39" hits="1" branch="false" />
                <line number="40" hits="1" branch="false" />
                <line number="41" hits="1" branch="false" />
                <line number="42" hits="1" branch="false" />
                <line number="43" hits="1" branch="false" />
                <line number="44" hits="1" branch="false" />
                <line number="45" hits="1" branch="false" />
                <line number="46" hits="1" branch="false" />
                <line number="47" hits="1" branch="false" />
                <line number="48" hits="1" branch="false" />
                <line number="49" hits="1" branch="false" />
                <line number="50" hits="2" branch="false" />
                <line number="51" hits="1" branch="false" />
              </lines>
            </method>
            <method name=".ctor" signature="()" line-rate="1" branch-rate="1" complexity="1">
              <lines>
                <line number="52" hits="42" branch="false" />
                <line number="53" hits="42" branch="false" />
                <line number="55" hits="42" branch="false" />
              </lines>
            </method>
            <method name=".ctor" signature="(...)" line-rate="0" branch-rate="1" complexity="1">
              <lines>
                <line number="56" hits="0" branch="false" />
                <line number="57" hits="0" branch="false" />
                <line number="59" hits="0" branch="false" />
              </lines>
            </method>
          </methods>
          <lines>
            <line number="12" hits="94" branch="false" />
            <line number="13" hits="74" branch="false" />
            <line number="16" hits="42" branch="false" />
            <line number="17" hits="42" branch="false" />
            <line number="18" hits="42" branch="false" />
            <line number="19" hits="42" branch="false" />
            <line number="21" hits="42" branch="false" />
            <line number="24" hits="1" branch="false" />
            <line number="25" hits="1" branch="false" />
            <line number="27" hits="1" branch="false" />
            <line number="28" hits="1" branch="false" />
            <line number="29" hits="1" branch="false" />
            <line number="30" hits="1" branch="false" />
            <line number="31" hits="1" branch="false" />
            <line number="32" hits="1" branch="false" />
            <line number="33" hits="1" branch="false" />
            <line number="34" hits="1" branch="false" />
            <line number="35" hits="2" branch="false" />
            <line number="37" hits="1" branch="false" />
            <line number="38" hits="1" branch="false" />
            <line number="39" hits="1" branch="false" />
            <line number="40" hits="1" branch="false" />
            <line number="41" hits="1" branch="false" />
            <line number="42" hits="1" branch="false" />
            <line number="43" hits="1" branch="false" />
            <line number="44" hits="1" branch="false" />
            <line number="45" hits="1" branch="false" />
            <line number="46" hits="1" branch="false" />
            <line number="47" hits="1" branch="false" />
            <line number="48" hits="1" branch="false" />
            <line number="49" hits="1" branch="false" />
            <line number="50" hits="2" branch="false" />
            <line number="51" hits="1" branch="false" />
            <line number="52" hits="42" branch="false" />
            <line number="53" hits="42" branch="false" />
            <line number="55" hits="42" branch="false" />
            <line number="56" hits="0" branch="false" />
            <line number="57" hits="0" branch="false" />
            <line number="59" hits="0" branch="false" />
          </lines>
        </class>
        <class name="ConsoleApp06S.Message" filename="D:\GeekBrains\My Git\NetworkApplicationCSharp\06_Lesson\ConsoleApp06S\Message.cs" line-rate="0.625" branch-rate="1" complexity="8">
          <methods>
            <method name="get_MessageId" signature="()" line-rate="1" branch-rate="1" complexity="1">
              <lines>
                <line number="12" hits="14" branch="false" />
              </lines>
            </method>
            <method name="get_Text" signature="()" line-rate="1" branch-rate="1" complexity="1">
              <lines>
                <line number="13" hits="16" branch="false" />
              </lines>
            </method>
            <method name="get_DateSend" signature="()" line-rate="0" branch-rate="1" complexity="1">
              <lines>
                <line number="14" hits="0" branch="false" />
              </lines>
            </method>
            <method name="get_IsSent" signature="()" line-rate="1" branch-rate="1" complexity="1">
              <lines>
                <line number="15" hits="14" branch="false" />
              </lines>
            </method>
            <method name="get_UserToId" signature="()" line-rate="0" branch-rate="1" complexity="1">
              <lines>
                <line number="16" hits="0" branch="false" />
              </lines>
            </method>
            <method name="get_UserFromId" signature="()" line-rate="0" branch-rate="1" complexity="1">
              <lines>
                <line number="17" hits="0" branch="false" />
              </lines>
            </method>
            <method name="get_UserTo" signature="()" line-rate="1" branch-rate="1" complexity="1">
              <lines>
                <line number="18" hits="14" branch="false" />
              </lines>
            </method>
            <method name="get_UserFrom" signature="()" line-rate="1" branch-rate="1" complexity="1">
              <lines>
                <line number="19" hits="14" branch="false" />
              </lines>
            </method>
          </methods>
          <lines>
            <line number="12" hits="14" branch="false" />
            <line number="13" hits="16" branch="false" />
            <line number="14" hits="0" branch="false" />
            <line number="15" hits="14" branch="false" />
            <line number="16" hits="0" branch="false" />
            <line number="17" hits="0" branch="false" />
            <line number="18" hits="14" branch="false" />
            <line number="19" hits="14" branch="false" />
          </lines>
        </class>
        <class name="ConsoleApp06S.NetMessage" filename="D:\GeekBrains\My Git\NetworkApplicationCSharp\06_Lesson\ConsoleApp06S\NetMessages.cs" line-rate="0.642857142857143" branch-rate="1" complexity="10">
          <methods>
            <method name="get_Text" signature="()" line-rate="1" branch-rate="1" complexity="1">
              <lines>
                <line number="16" hits="56" branch="false" />
              </lines>
            </method>
            <method name="get_DateTime" signature="()" line-rate="1" branch-rate="1" complexity="1">
              <lines>
                <line number="17" hits="28" branch="false" />
              </lines>
            </method>
            <method name="get_NickNameFrom" signature="()" line-rate="1" branch-rate="1" complexity="1">
              <lines>
                <line number="18" hits="126" branch="false" />
              </lines>
            </method>
            <method name="get_NickNameTo" signature="()" line-rate="1" branch-rate="1" complexity="1">
              <lines>
                <line number="19" hits="56" branch="false" />
              </lines>
            </method>
            <method name="get_EndPoint" signature="()" line-rate="1" branch-rate="1" complexity="1">
              <lines>
                <line number="21" hits="14" branch="false" />
              </lines>
            </method>
            <method name="get_Command" signature="()" line-rate="1" branch-rate="1" complexity="1">
              <lines>
                <line number="22" hits="56" branch="false" />
              </lines>
            </method>
            <method name="SerializeMessageToJSON" signature="()" line-rate="0" branch-rate="1" complexity="1">
              <lines>
                <line number="24" hits="0" branch="false" />
              </lines>
            </method>
            <method name="DeserializeMessageFromJSON" signature="(...)" line-rate="0" branch-rate="1" complexity="1">
              <lines>
                <line number="26" hits="0" branch="false" />
              </lines>
            </method>
            <method name="PrintGetMessageFrom" signature="()" line-rate="0" branch-rate="1" complexity="1">
              <lines>
                <line number="29" hits="0" branch="false" />
                <line number="30" hits="0" branch="false" />
                <line number="31" hits="0" branch="false" />
              </lines>
            </method>
            <method name="ToString" signature="()" line-rate="1" branch-rate="1" complexity="1">
              <lines>
                <line number="34" hits="28" branch="false" />
                <line number="35" hits="28" branch="false" />
                <line number="36" hits="28" branch="false" />
              </lines>
            </method>
          </methods>
          <lines>
            <line number="16" hits="56" branch="false" />
            <line number="17" hits="28" branch="false" />
            <line number="18" hits="126" branch="false" />
            <line number="19" hits="56" branch="false" />
            <line number="21" hits="14" branch="false" />
            <line number="22" hits="56" branch="false" />
            <line number="24" hits="0" branch="false" />
            <line number="26" hits="0" branch="false" />
            <line number="29" hits="0" branch="false" />
            <line number="30" hits="0" branch="false" />
            <line number="31" hits="0" branch="false" />
            <line number="34" hits="28" branch="false" />
            <line number="35" hits="28" branch="false" />
            <line number="36" hits="28" branch="false" />
          </lines>
        </class>
        <class name="ConsoleApp06S.Program" filename="D:\GeekBrains\My Git\NetworkApplicationCSharp\06_Lesson\ConsoleApp06S\Program.cs" line-rate="0" branch-rate="1" complexity="1">
          <methods>
            <method name="Main" signature="(...)" line-rate="0" branch-rate="1" complexity="1">
              <lines>
                <line number="6" hits="0" branch="false" />
                <line number="7" hits="0" branch="false" />
                <line number="16" hits="0" branch="false" />
                <line number="17" hits="0" branch="false" />
                <line number="19" hits="0" branch="false" />
                <line number="24" hits="0" branch="false" />
                <line number="25" hits="0" branch="false" />
                <line number="27" hits="0" branch="false" />
              </lines>
            </method>
          </methods>
          <lines>
            <line number="6" hits="0" branch="false" />
            <line number="7" hits="0" branch="false" />
            <line number="16" hits="0" branch="false" />
            <line number="17" hits="0" branch="false" />
            <line number="19" hits="0" branch="false" />
            <line number="24" hits="0" branch="false" />
            <line number="25" hits="0" branch="false" />
            <line number="27" hits="0" branch="false" />
          </lines>
        </class>
        <class name="ConsoleApp06S.Services.Client" filename="D:\GeekBrains\My Git\NetworkApplicationCSharp\06_Lesson\ConsoleApp06S\Services\Client.cs" line-rate="0" branch-rate="1" complexity="6">
          <methods>
            <method name="Register" signature="(...)" line-rate="0" branch-rate="1" complexity="1">
              <lines>
                <line number="57" hits="0" branch="false" />
                <line number="58" hits="0" branch="false" />
                <line number="59" hits="0" branch="false" />
                <line number="60" hits="0" branch="false" />
                <line number="61" hits="0" branch="false" />
              </lines>
            </method>
            <method name=".ctor" signature="(...)" line-rate="0" branch-rate="1" complexity="1">
              <lines>
                <line number="20" hits="0" branch="false" />
                <line number="21" hits="0" branch="false" />
                <line number="22" hits="0" branch="false" />
                <line number="24" hits="0" branch="false" />
                <line number="25" hits="0" branch="false" />
                <line number="26" hits="0" branch="false" />
              </lines>
            </method>
            <method name="ClientListener" signature="()" line-rate="0" branch-rate="1" complexity="1">
              <lines>
                <line number="29" hits="0" branch="false" />
                <line number="30" hits="0" branch="false" />
                <line number="31" hits="0" branch="false" />
                <line number="33" hits="0" branch="false" />
                <line number="34" hits="0" branch="false" />
                <line number="36" hits="0" branch="false" />
                <line number="37" hits="0" branch="false" />
                <line number="39" hits="0" branch="false" />
                <line number="40" hits="0" branch="false" />
                <line number="41" hits="0" branch="false" />
                <line number="42" hits="0" branch="false" />
                <line number="43" hits="0" branch="false" />
                <line number="44" hits="0" branch="false" />
                <line number="45" hits="0" branch="false" />
              </lines>
            </method>
            <method name="ClientSender" signature="()" line-rate="0" branch-rate="1" complexity="1">
              <lines>
                <line number="64" hits="0" branch="false" />
                <line number="65" hits="0" branch="false" />
                <line number="66" hits="0" branch="false" />
                <line number="67" hits="0" branch="false" />
                <line number="69" hits="0" branch="false" />
                <line number="70" hits="0" branch="false" />
                <line number="71" hits="0" branch="false" />
                <line number="73" hits="0" branch="false" />
                <line number="74" hits="0" branch="false" />
                <line number="76" hits="0" branch="false" />
                <line number="78" hits="0" branch="false" />
                <line number="80" hits="0" branch="false" />
                <line number="81" hits="0" branch="false" />
                <line number="82" hits="0" branch="false" />
                <line number="83" hits="0" branch="false" />
                <line number="84" hits="0" branch="false" />
                <line number="85" hits="0" branch="false" />
                <line number="86" hits="0" branch="false" />
              </lines>
            </method>
            <method name="Confirm" signature="()" line-rate="0" branch-rate="1" complexity="1">
              <lines>
                <line number="50" hits="0" branch="false" />
                <line number="51" hits="0" branch="false" />
                <line number="52" hits="0" branch="false" />
                <line number="53" hits="0" branch="false" />
              </lines>
            </method>
            <method name="Start" signature="()" line-rate="0" branch-rate="1" complexity="1">
              <lines>
                <line number="90" hits="0" branch="false" />
                <line number="93" hits="0" branch="false" />
                <line number="95" hits="0" branch="false" />
                <line number="96" hits="0" branch="false" />
              </lines>
            </method>
          </methods>
          <lines>
            <line number="20" hits="0" branch="false" />
            <line number="21" hits="0" branch="false" />
            <line number="22" hits="0" branch="false" />
            <line number="24" hits="0" branch="false" />
            <line number="25" hits="0" branch="false" />
            <line number="26" hits="0" branch="false" />
            <line number="29" hits="0" branch="false" />
            <line number="30" hits="0" branch="false" />
            <line number="31" hits="0" branch="false" />
            <line number="33" hits="0" branch="false" />
            <line number="34" hits="0" branch="false" />
            <line number="36" hits="0" branch="false" />
            <line number="37" hits="0" branch="false" />
            <line number="39" hits="0" branch="false" />
            <line number="40" hits="0" branch="false" />
            <line number="41" hits="0" branch="false" />
            <line number="42" hits="0" branch="false" />
            <line number="43" hits="0" branch="false" />
            <line number="44" hits="0" branch="false" />
            <line number="45" hits="0" branch="false" />
            <line number="50" hits="0" branch="false" />
            <line number="51" hits="0" branch="false" />
            <line number="52" hits="0" branch="false" />
            <line number="53" hits="0" branch="false" />
            <line number="57" hits="0" branch="false" />
            <line number="58" hits="0" branch="false" />
            <line number="59" hits="0" branch="false" />
            <line number="60" hits="0" branch="false" />
            <line number="61" hits="0" branch="false" />
            <line number="64" hits="0" branch="false" />
            <line number="65" hits="0" branch="false" />
            <line number="66" hits="0" branch="false" />
            <line number="67" hits="0" branch="false" />
            <line number="69" hits="0" branch="false" />
            <line number="70" hits="0" branch="false" />
            <line number="71" hits="0" branch="false" />
            <line number="73" hits="0" branch="false" />
            <line number="74" hits="0" branch="false" />
            <line number="76" hits="0" branch="false" />
            <line number="78" hits="0" branch="false" />
            <line number="80" hits="0" branch="false" />
            <line number="81" hits="0" branch="false" />
            <line number="82" hits="0" branch="false" />
            <line number="83" hits="0" branch="false" />
            <line number="84" hits="0" branch="false" />
            <line number="85" hits="0" branch="false" />
            <line number="86" hits="0" branch="false" />
            <line number="90" hits="0" branch="false" />
            <line number="93" hits="0" branch="false" />
            <line number="95" hits="0" branch="false" />
            <line number="96" hits="0" branch="false" />
          </lines>
        </class>
        <class name="ConsoleApp06S.Services.Server" filename="D:\GeekBrains\My Git\NetworkApplicationCSharp\06_Lesson\ConsoleApp06S\Services\Server.cs" line-rate="0.728395061728395" branch-rate="0.666666666666667" complexity="15">
          <methods>
            <method name="Stop" signature="()" line-rate="1" branch-rate="1" complexity="1">
              <lines>
                <line number="31" hits="7" branch="false" />
                <line number="32" hits="7" branch="false" />
                <line number="33" hits="7" branch="false" />
              </lines>
            </method>
            <method name=".ctor" signature="()" line-rate="0.583333333333333" branch-rate="1" complexity="1">
              <lines>
                <line number="14" hits="7" branch="false" />
                <line number="17" hits="0" branch="false" />
                <line number="18" hits="0" branch="false" />
                <line number="19" hits="0" branch="false" />
                <line number="20" hits="0" branch="false" />
                <line number="21" hits="0" branch="false" />
                <line number="23" hits="7" branch="false" />
                <line number="24" hits="7" branch="false" />
                <line number="25" hits="7" branch="false" />
                <line number="26" hits="7" branch="false" />
                <line number="27" hits="7" branch="false" />
                <line number="29" hits="7" branch="false" />
              </lines>
            </method>
            <method name=".ctor" signature="(...)" line-rate="1" branch-rate="1" complexity="1">
              <lines>
                <line number="23" hits="7" branch="false" />
                <line number="24" hits="7" branch="false" />
                <line number="25" hits="7" branch="false" />
                <line number="26" hits="7" branch="false" />
                <line number="27" hits="7" branch="false" />
              </lines>
            </method>
            <method name="ConfirmMessageReceived" signature="()" line-rate="0" branch-rate="0" complexity="2">
              <lines>
                <line number="72" hits="0" branch="false" />
                <line number="73" hits="0" branch="false" />
                <line number="74" hits="0" branch="false" />
                <line number="75" hits="0" branch="false" />
                <line number="76" hits="0" branch="false" />
                <line number="77" hits="0" branch="true" condition-coverage="0% (0/2)" />
                <line number="78" hits="0" branch="false" />
                <line number="79" hits="0" branch="false" />
                <line number="80" hits="0" branch="false" />
                <line number="81" hits="0" branch="false" />
                <line number="82" hits="0" branch="false" />
                <line number="83" hits="0" branch="false" />
              </lines>
            </method>
            <method name="ProcessMessage" signature="()" line-rate="0.714285714285714" branch-rate="0.75" complexity="4">
              <lines>
                <line number="85" hits="28" branch="false" />
                <line number="86" hits="28" branch="true" condition-coverage="75% (3/4)" />
                <line number="88" hits="28" branch="false" />
                <line number="89" hits="28" branch="false" />
                <line number="90" hits="0" branch="false" />
                <line number="91" hits="0" branch="false" />
                <line number="93" hits="28" branch="false" />
              </lines>
            </method>
            <method name="Register" signature="()" line-rate="1" branch-rate="1" complexity="2">
              <lines>
                <line number="35" hits="14" branch="false" />
                <line number="36" hits="14" branch="false" />
                <line number="37" hits="14" branch="true" condition-coverage="100% (2/2)" />
                <line number="38" hits="14" branch="false" />
                <line number="39" hits="14" branch="false" />
                <line number="40" hits="14" branch="false" />
                <line number="41" hits="14" branch="false" />
                <line number="42" hits="14" branch="false" />
                <line number="43" hits="14" branch="false" />
                <line number="44" hits="14" branch="false" />
                <line number="45" hits="14" branch="false" />
              </lines>
            </method>
            <method name="RelyMessage" signature="()" line-rate="0.857142857142857" branch-rate="0.5" complexity="2">
              <lines>
                <line number="47" hits="14" branch="false" />
                <line number="48" hits="14" branch="true" condition-coverage="50% (1/2)" />
                <line number="49" hits="14" branch="false" />
                <line number="50" hits="14" branch="false" />
                <line number="51" hits="14" branch="false" />
                <line number="52" hits="14" branch="false" />
                <line number="53" hits="14" branch="false" />
                <line number="54" hits="14" branch="false" />
                <line number="55" hits="14" branch="false" />
                <line number="57" hits="14" branch="false" />
                <line number="58" hits="14" branch="false" />
                <line number="60" hits="14" branch="false" />
                <line number="61" hits="14" branch="false" />
                <line number="62" hits="14" branch="false" />
                <line number="63" hits="14" branch="false" />
                <line number="64" hits="14" branch="false" />
                <line number="65" hits="14" branch="false" />
                <line number="67" hits="0" branch="false" />
                <line number="68" hits="0" branch="false" />
                <line number="69" hits="0" branch="false" />
                <line number="70" hits="14" branch="false" />
              </lines>
            </method>
            <method name="Start" signature="()" line-rate="1" branch-rate="1" complexity="2">
              <lines>
                <line number="95" hits="7" branch="false" />
                <line number="96" hits="7" branch="false" />
                <line number="97" hits="42" branch="true" condition-coverage="100% (2/2)" />
                <line number="98" hits="35" branch="false" />
                <line number="100" hits="35" branch="false" />
                <line number="101" hits="35" branch="false" />
                <line number="102" hits="35" branch="false" />
                <line number="103" hits="28" branch="false" />
                <line number="104" hits="28" branch="false" />
                <line number="105" hits="7" branch="false" />
                <line number="106" hits="7" branch="false" />
                <line number="107" hits="7" branch="false" />
                <line number="108" hits="7" branch="false" />
                <line number="109" hits="35" branch="false" />
                <line number="110" hits="7" branch="false" />
              </lines>
            </method>
          </methods>
          <lines>
            <line number="14" hits="7" branch="false" />
            <line number="17" hits="0" branch="false" />
            <line number="18" hits="0" branch="false" />
            <line number="19" hits="0" branch="false" />
            <line number="20" hits="0" branch="false" />
            <line number="21" hits="0" branch="false" />
            <line number="23" hits="7" branch="false" />
            <line number="24" hits="7" branch="false" />
            <line number="25" hits="7" branch="false" />
            <line number="26" hits="7" branch="false" />
            <line number="27" hits="7" branch="false" />
            <line number="29" hits="7" branch="false" />
            <line number="31" hits="7" branch="false" />
            <line number="32" hits="7" branch="false" />
            <line number="33" hits="7" branch="false" />
            <line number="35" hits="14" branch="false" />
            <line number="36" hits="14" branch="false" />
            <line number="37" hits="14" branch="true" condition-coverage="100% (2/2)" />
            <line number="38" hits="14" branch="false" />
            <line number="39" hits="14" branch="false" />
            <line number="40" hits="14" branch="false" />
            <line number="41" hits="14" branch="false" />
            <line number="42" hits="14" branch="false" />
            <line number="43" hits="14" branch="false" />
            <line number="44" hits="14" branch="false" />
            <line number="45" hits="14" branch="false" />
            <line number="47" hits="14" branch="false" />
            <line number="48" hits="14" branch="true" condition-coverage="50% (1/2)" />
            <line number="49" hits="14" branch="false" />
            <line number="50" hits="14" branch="false" />
            <line number="51" hits="14" branch="false" />
            <line number="52" hits="14" branch="false" />
            <line number="53" hits="14" branch="false" />
            <line number="54" hits="14" branch="false" />
            <line number="55" hits="14" branch="false" />
            <line number="57" hits="14" branch="false" />
            <line number="58" hits="14" branch="false" />
            <line number="60" hits="14" branch="false" />
            <line number="61" hits="14" branch="false" />
            <line number="62" hits="14" branch="false" />
            <line number="63" hits="14" branch="false" />
            <line number="64" hits="14" branch="false" />
            <line number="65" hits="14" branch="false" />
            <line number="67" hits="0" branch="false" />
            <line number="68" hits="0" branch="false" />
            <line number="69" hits="0" branch="false" />
            <line number="70" hits="14" branch="false" />
            <line number="72" hits="0" branch="false" />
            <line number="73" hits="0" branch="false" />
            <line number="74" hits="0" branch="false" />
            <line number="75" hits="0" branch="false" />
            <line number="76" hits="0" branch="false" />
            <line number="77" hits="0" branch="true" condition-coverage="0% (0/2)" />
            <line number="78" hits="0" branch="false" />
            <line number="79" hits="0" branch="false" />
            <line number="80" hits="0" branch="false" />
            <line number="81" hits="0" branch="false" />
            <line number="82" hits="0" branch="false" />
            <line number="83" hits="0" branch="false" />
            <line number="85" hits="28" branch="false" />
            <line number="86" hits="28" branch="true" condition-coverage="75% (3/4)" />
            <line number="88" hits="28" branch="false" />
            <line number="89" hits="28" branch="false" />
            <line number="90" hits="0" branch="false" />
            <line number="91" hits="0" branch="false" />
            <line number="93" hits="28" branch="false" />
            <line number="95" hits="7" branch="false" />
            <line number="96" hits="7" branch="false" />
            <line number="97" hits="42" branch="true" condition-coverage="100% (2/2)" />
            <line number="98" hits="35" branch="false" />
            <line number="100" hits="35" branch="false" />
            <line number="101" hits="35" branch="false" />
            <line number="102" hits="35" branch="false" />
            <line number="103" hits="28" branch="false" />
            <line number="104" hits="28" branch="false" />
            <line number="105" hits="7" branch="false" />
            <line number="106" hits="7" branch="false" />
            <line number="107" hits="7" branch="false" />
            <line number="108" hits="7" branch="false" />
            <line number="109" hits="35" branch="false" />
            <line number="110" hits="7" branch="false" />
          </lines>
        </class>
        <class name="ConsoleApp06S.Services.UdpMessageSource" filename="D:\GeekBrains\My Git\NetworkApplicationCSharp\06_Lesson\ConsoleApp06S\Services\UDPMessageSource.cs" line-rate="0" branch-rate="0" complexity="4">
          <methods>
            <method name="Receive" signature="(...)" line-rate="0" branch-rate="0" complexity="2">
              <lines>
                <line number="21" hits="0" branch="false" />
                <line number="22" hits="0" branch="false" />
                <line number="23" hits="0" branch="false" />
                <line number="24" hits="0" branch="true" condition-coverage="0% (0/2)" />
                <line number="25" hits="0" branch="false" />
              </lines>
            </method>
            <method name=".ctor" signature="()" line-rate="0" branch-rate="1" complexity="1">
              <lines>
                <line number="15" hits="0" branch="false" />
                <line number="16" hits="0" branch="false" />
                <line number="17" hits="0" branch="false" />
                <line number="18" hits="0" branch="false" />
              </lines>
            </method>
            <method name="SendAsync" signature="()" line-rate="0" branch-rate="1" complexity="1">
              <lines>
                <line number="28" hits="0" branch="false" />
                <line number="29" hits="0" branch="false" />
                <line number="30" hits="0" branch="false" />
                <line number="31" hits="0" branch="false" />
              </lines>
            </method>
          </methods>
          <lines>
            <line number="15" hits="0" branch="false" />
            <line number="16" hits="0" branch="false" />
            <line number="17" hits="0" branch="false" />
            <line number="18" hits="0" branch="false" />
            <line number="21" hits="0" branch="false" />
            <line number="22" hits="0" branch="false" />
            <line number="23" hits="0" branch="false" />
            <line number="24" hits="0" branch="true" condition-coverage="0% (0/2)" />
            <line number="25" hits="0" branch="false" />
            <line number="28" hits="0" branch="false" />
            <line number="29" hits="0" branch="false" />
            <line number="30" hits="0" branch="false" />
            <line number="31" hits="0" branch="false" />
          </lines>
        </class>
        <class name="ConsoleApp06S.User" filename="D:\GeekBrains\My Git\NetworkApplicationCSharp\06_Lesson\ConsoleApp06S\User.cs" line-rate="0.75" branch-rate="1" complexity="4">
          <methods>
            <method name="get_MessagesTo" signature="()" line-rate="1" branch-rate="1" complexity="1">
              <lines>
                <line number="11" hits="69" branch="false" />
              </lines>
            </method>
            <method name="get_MessagesFrom" signature="()" line-rate="1" branch-rate="1" complexity="1">
              <lines>
                <line number="12" hits="66" branch="false" />
              </lines>
            </method>
            <method name="get_Id" signature="()" line-rate="0" branch-rate="1" complexity="1">
              <lines>
                <line number="13" hits="0" branch="false" />
              </lines>
            </method>
            <method name="get_FullName" signature="()" line-rate="1" branch-rate="1" complexity="1">
              <lines>
                <line number="14" hits="14" branch="false" />
              </lines>
            </method>
          </methods>
          <lines>
            <line number="11" hits="69" branch="false" />
            <line number="12" hits="66" branch="false" />
            <line number="13" hits="0" branch="false" />
            <line number="14" hits="14" branch="false" />
          </lines>
        </class>
      </classes>
    </package>
    <package name="ConsoleApp06STest" line-rate="0.991379310344828" branch-rate="1" complexity="14">
      <classes>
        <class name="AutoGeneratedProgram" filename="C:\Users\10\.nuget\packages\microsoft.net.test.sdk\17.7.1\build\netcoreapp3.1\Microsoft.NET.Test.Sdk.Program.cs" line-rate="0" branch-rate="1" complexity="1">
          <methods>
            <method name="Main" signature="(...)" line-rate="0" branch-rate="1" complexity="1">
              <lines>
                <line number="4" hits="0" branch="false" />
              </lines>
            </method>
          </methods>
          <lines>
            <line number="4" hits="0" branch="false" />
          </lines>
        </class>
        <class name="ConsoleApp06STest.MockMessageSource" filename="D:\GeekBrains\My Git\NetworkApplicationCSharp\06_Lesson\ConsoleApp06STest\MockMessageSource.cs" line-rate="1" branch-rate="1" complexity="5">
          <methods>
            <method name="AddServer" signature="(...)" line-rate="1" branch-rate="1" complexity="1">
              <lines>
                <line number="31" hits="7" branch="false" />
                <line number="32" hits="7" branch="false" />
                <line number="33" hits="7" branch="false" />
              </lines>
            </method>
            <method name="Receive" signature="(...)" line-rate="1" branch-rate="1" complexity="2">
              <lines>
                <line number="40" hits="35" branch="false" />
                <line number="41" hits="35" branch="false" />
                <line number="42" hits="35" branch="true" condition-coverage="100% (2/2)" />
                <line number="43" hits="7" branch="false" />
                <line number="44" hits="7" branch="false" />
                <line number="45" hits="7" branch="false" />
                <line number="47" hits="28" branch="false" />
                <line number="48" hits="28" branch="false" />
                <line number="49" hits="35" branch="false" />
              </lines>
            </method>
            <method name=".ctor" signature="()" line-rate="1" branch-rate="1" complexity="1">
              <lines>
                <line number="18" hits="7" branch="false" />
                <line number="19" hits="7" branch="false" />
                <line number="23" hits="7" branch="false" />
                <line number="24" hits="7" branch="false" />
                <line number="25" hits="7" branch="false" />
                <line number="26" hits="7" branch="false" />
                <line number="27" hits="7" branch="false" />
                <line number="28" hits="7" branch="false" />
                <line number="29" hits="7" branch="false" />
              </lines>
            </method>
            <method name="SendAsync" signature="()" line-rate="1" branch-rate="1" complexity="1">
              <lines>
                <line number="35" hits="14" branch="false" />
                <line number="37" hits="14" branch="false" />
              </lines>
            </method>
          </methods>
          <lines>
            <line number="18" hits="7" branch="false" />
            <line number="19" hits="7" branch="false" />
            <line number="23" hits="7" branch="false" />
            <line number="24" hits="7" branch="false" />
            <line number="25" hits="7" branch="false" />
            <line number="26" hits="7" branch="false" />
            <line number="27" hits="7" branch="false" />
            <line number="28" hits="7" branch="false" />
            <line number="29" hits="7" branch="false" />
            <line number="31" hits="7" branch="false" />
            <line number="32" hits="7" branch="false" />
            <line number="33" hits="7" branch="false" />
            <line number="35" hits="14" branch="false" />
            <line number="37" hits="14" branch="false" />
            <line number="40" hits="35" branch="false" />
            <line number="41" hits="35" branch="false" />
            <line number="42" hits="35" branch="true" condition-coverage="100% (2/2)" />
            <line number="43" hits="7" branch="false" />
            <line number="44" hits="7" branch="false" />
            <line number="45" hits="7" branch="false" />
            <line number="47" hits="28" branch="false" />
            <line number="48" hits="28" branch="false" />
            <line number="49" hits="35" branch="false" />
          </lines>
        </class>
        <class name="ConsoleApp06STest.Tests" filename="D:\GeekBrains\My Git\NetworkApplicationCSharp\06_Lesson\ConsoleApp06STest\UnitTest1.cs" line-rate="1" branch-rate="1" complexity="8">
          <methods>
            <method name="Setup" signature="()" line-rate="1" branch-rate="1" complexity="1">
              <lines>
                <line number="14" hits="7" branch="false" />
                <line number="15" hits="7" branch="false" />
                <line number="16" hits="7" branch="false" />
                <line number="17" hits="7" branch="false" />
                <line number="18" hits="7" branch="false" />
                <line number="19" hits="7" branch="false" />
                <line number="20" hits="7" branch="false" />
                <line number="21" hits="7" branch="false" />
              </lines>
            </method>
            <method name="CorrectRegisterFullNameOfUser1InBDTest" signature="()" line-rate="1" branch-rate="1" complexity="1">
              <lines>
                <line number="84" hits="1" branch="false" />
                <line number="85" hits="1" branch="false" />
                <line number="86" hits="1" branch="false" />
                <line number="87" hits="1" branch="false" />
                <line number="88" hits="1" branch="false" />
                <line number="90" hits="1" branch="false" />
                <line number="91" hits="1" branch="false" />
                <line number="92" hits="1" branch="false" />
                <line number="94" hits="1" branch="false" />
                <line number="95" hits="1" branch="false" />
                <line number="96" hits="1" branch="false" />
              </lines>
            </method>
            <method name="CorrectRegisterFullNameOfUser2InBDTest" signature="()" line-rate="1" branch-rate="1" complexity="1">
              <lines>
                <line number="99" hits="1" branch="false" />
                <line number="100" hits="1" branch="false" />
                <line number="101" hits="1" branch="false" />
                <line number="102" hits="1" branch="false" />
                <line number="103" hits="1" branch="false" />
                <line number="105" hits="1" branch="false" />
                <line number="106" hits="1" branch="false" />
                <line number="107" hits="1" branch="false" />
                <line number="109" hits="1" branch="false" />
                <line number="110" hits="1" branch="false" />
                <line number="111" hits="1" branch="false" />
              </lines>
            </method>
            <method name="CorrectTextOfMessageFromUser1ToUser2InBDTest" signature="()" line-rate="1" branch-rate="1" complexity="1">
              <lines>
                <line number="136" hits="1" branch="false" />
                <line number="137" hits="1" branch="false" />
                <line number="138" hits="1" branch="false" />
                <line number="139" hits="1" branch="false" />
                <line number="140" hits="1" branch="false" />
                <line number="142" hits="1" branch="false" />
                <line number="143" hits="1" branch="false" />
                <line number="144" hits="1" branch="false" />
                <line number="145" hits="1" branch="false" />
                <line number="147" hits="1" branch="false" />
                <line number="148" hits="1" branch="false" />
                <line number="150" hits="1" branch="false" />
                <line number="151" hits="1" branch="false" />
                <line number="152" hits="1" branch="false" />
              </lines>
            </method>
            <method name="CorrectTextOfMessageFromUser2ToUser1InBDTest" signature="()" line-rate="1" branch-rate="1" complexity="1">
              <lines>
                <line number="156" hits="1" branch="false" />
                <line number="157" hits="1" branch="false" />
                <line number="158" hits="1" branch="false" />
                <line number="159" hits="1" branch="false" />
                <line number="160" hits="1" branch="false" />
                <line number="162" hits="1" branch="false" />
                <line number="163" hits="1" branch="false" />
                <line number="164" hits="1" branch="false" />
                <line number="165" hits="1" branch="false" />
                <line number="167" hits="1" branch="false" />
                <line number="168" hits="1" branch="false" />
                <line number="170" hits="1" branch="false" />
                <line number="171" hits="1" branch="false" />
                <line number="172" hits="1" branch="false" />
              </lines>
            </method>
            <method name="Register2UsersInBDTest" signature="()" line-rate="1" branch-rate="1" complexity="1">
              <lines>
                <line number="69" hits="1" branch="false" />
                <line number="70" hits="1" branch="false" />
                <line number="71" hits="1" branch="false" />
                <line number="72" hits="1" branch="false" />
                <line number="73" hits="1" branch="false" />
                <line number="75" hits="1" branch="false" />
                <line number="76" hits="1" branch="false" />
                <line number="78" hits="1" branch="false" />
                <line number="79" hits="1" branch="false" />
                <line number="80" hits="1" branch="false" />
              </lines>
            </method>
            <method name="Test0" signature="()" line-rate="1" branch-rate="1" complexity="1">
              <lines>
                <line number="36" hits="1" branch="false" />
                <line number="37" hits="1" branch="false" />
                <line number="38" hits="1" branch="false" />
                <line number="39" hits="1" branch="false" />
                <line number="40" hits="1" branch="false" />
                <line number="42" hits="1" branch="false" />
                <line number="43" hits="1" branch="false" />
                <line number="46" hits="1" branch="false" />
                <line number="47" hits="1" branch="false" />
                <line number="55" hits="1" branch="false" />
                <line number="56" hits="1" branch="false" />
                <line number="63" hits="1" branch="false" />
                <line number="65" hits="1" branch="false" />
              </lines>
            </method>
            <method name="Test1" signature="()" line-rate="1" branch-rate="1" complexity="1">
              <lines>
                <line number="115" hits="1" branch="false" />
                <line number="116" hits="1" branch="false" />
                <line number="117" hits="1" branch="false" />
                <line number="118" hits="1" branch="false" />
                <line number="119" hits="1" branch="false" />
                <line number="121" hits="1" branch="false" />
                <line number="122" hits="1" branch="false" />
                <line number="124" hits="1" branch="false" />
                <line number="129" hits="1" branch="false" />
                <line number="130" hits="1" branch="false" />
                <line number="131" hits="1" branch="false" />
              </lines>
            </method>
          </methods>
          <lines>
            <line number="14" hits="7" branch="false" />
            <line number="15" hits="7" branch="false" />
            <line number="16" hits="7" branch="false" />
            <line number="17" hits="7" branch="false" />
            <line number="18" hits="7" branch="false" />
            <line number="19" hits="7" branch="false" />
            <line number="20" hits="7" branch="false" />
            <line number="21" hits="7" branch="false" />
            <line number="36" hits="1" branch="false" />
            <line number="37" hits="1" branch="false" />
            <line number="38" hits="1" branch="false" />
            <line number="39" hits="1" branch="false" />
            <line number="40" hits="1" branch="false" />
            <line number="42" hits="1" branch="false" />
            <line number="43" hits="1" branch="false" />
            <line number="46" hits="1" branch="false" />
            <line number="47" hits="1" branch="false" />
            <line number="55" hits="1" branch="false" />
            <line number="56" hits="1" branch="false" />
            <line number="63" hits="1" branch="false" />
            <line number="65" hits="1" branch="false" />
            <line number="69" hits="1" branch="false" />
            <line number="70" hits="1" branch="false" />
            <line number="71" hits="1" branch="false" />
            <line number="72" hits="1" branch="false" />
            <line number="73" hits="1" branch="false" />
            <line number="75" hits="1" branch="false" />
            <line number="76" hits="1" branch="false" />
            <line number="78" hits="1" branch="false" />
            <line number="79" hits="1" branch="false" />
            <line number="80" hits="1" branch="false" />
            <line number="84" hits="1" branch="false" />
            <line number="85" hits="1" branch="false" />
            <line number="86" hits="1" branch="false" />
            <line number="87" hits="1" branch="false" />
            <line number="88" hits="1" branch="false" />
            <line number="90" hits="1" branch="false" />
            <line number="91" hits="1" branch="false" />
            <line number="92" hits="1" branch="false" />
            <line number="94" hits="1" branch="false" />
            <line number="95" hits="1" branch="false" />
            <line number="96" hits="1" branch="false" />
            <line number="99" hits="1" branch="false" />
            <line number="100" hits="1" branch="false" />
            <line number="101" hits="1" branch="false" />
            <line number="102" hits="1" branch="false" />
            <line number="103" hits="1" branch="false" />
            <line number="105" hits="1" branch="false" />
            <line number="106" hits="1" branch="false" />
            <line number="107" hits="1" branch="false" />
            <line number="109" hits="1" branch="false" />
            <line number="110" hits="1" branch="false" />
            <line number="111" hits="1" branch="false" />
            <line number="115" hits="1" branch="false" />
            <line number="116" hits="1" branch="false" />
            <line number="117" hits="1" branch="false" />
            <line number="118" hits="1" branch="false" />
            <line number="119" hits="1" branch="false" />
            <line number="121" hits="1" branch="false" />
            <line number="122" hits="1" branch="false" />
            <line number="124" hits="1" branch="false" />
            <line number="129" hits="1" branch="false" />
            <line number="130" hits="1" branch="false" />
            <line number="131" hits="1" branch="false" />
            <line number="136" hits="1" branch="false" />
            <line number="137" hits="1" branch="false" />
            <line number="138" hits="1" branch="false" />
            <line number="139" hits="1" branch="false" />
            <line number="140" hits="1" branch="false" />
            <line number="142" hits="1" branch="false" />
            <line number="143" hits="1" branch="false" />
            <line number="144" hits="1" branch="false" />
            <line number="145" hits="1" branch="false" />
            <line number="147" hits="1" branch="false" />
            <line number="148" hits="1" branch="false" />
            <line number="150" hits="1" branch="false" />
            <line number="151" hits="1" branch="false" />
            <line number="152" hits="1" branch="false" />
            <line number="156" hits="1" branch="false" />
            <line number="157" hits="1" branch="false" />
            <line number="158" hits="1" branch="false" />
            <line number="159" hits="1" branch="false" />
            <line number="160" hits="1" branch="false" />
            <line number="162" hits="1" branch="false" />
            <line number="163" hits="1" branch="false" />
            <line number="164" hits="1" branch="false" />
            <line number="165" hits="1" branch="false" />
            <line number="167" hits="1" branch="false" />
            <line number="168" hits="1" branch="false" />
            <line number="170" hits="1" branch="false" />
            <line number="171" hits="1" branch="false" />
            <line number="172" hits="1" branch="false" />
          </lines>
        </class>
      </classes>
    </package>
  </packages>
</coverage>